2016-08-05 06:53:53 Warning: DebugKit not enabled. You need to either install pdo_sqlite, or define the "debug_kit" connection name.
2016-08-05 07:27:49 Warning: DebugKit not enabled. You need to either install pdo_sqlite, or define the "debug_kit" connection name.
2016-08-05 10:26:09 Warning: DebugKit not enabled. You need to either install pdo_sqlite, or define the "debug_kit" connection name.
2016-08-05 10:30:53 Warning: DebugKit not enabled. You need to either install pdo_sqlite, or define the "debug_kit" connection name.
2016-08-05 10:34:24 Warning: DebugKit not enabled. You need to either install pdo_sqlite, or define the "debug_kit" connection name.
2016-08-05 10:34:29 Warning: DebugKit not enabled. You need to either install pdo_sqlite, or define the "debug_kit" connection name.
2017-05-15 23:59:27 Error: [Cake\Routing\Exception\MissingControllerException] Controller class Css could not be found.
Exception Attributes: array (
  'class' => 'Css',
  'plugin' => NULL,
  'prefix' => NULL,
  '_ext' => NULL,
)
Request URL: /css/bootstrap-theme.min.css
Referer URL: http://127.0.0.1:8080/
Client IP: 172.20.0.1
Stack Trace:
#0 /var/www/webroot/index.php(37): Cake\Routing\Dispatcher->dispatch(Object(Cake\Network\Request), Object(Cake\Network\Response))
#1 /var/www/index.php(16): require('/var/www/webroo...')
#2 {main}


2017-05-15 23:59:28 Error: [Cake\Routing\Exception\MissingControllerException] Controller class Css could not be found.
Exception Attributes: array (
  'class' => 'Css',
  'plugin' => NULL,
  'prefix' => NULL,
  '_ext' => NULL,
)
Request URL: /css/bootstrap-toggle.min.css
Referer URL: http://127.0.0.1:8080/
Client IP: 172.20.0.1
Stack Trace:
#0 /var/www/webroot/index.php(37): Cake\Routing\Dispatcher->dispatch(Object(Cake\Network\Request), Object(Cake\Network\Response))
#1 /var/www/index.php(16): require('/var/www/webroo...')
#2 {main}


2017-05-15 23:59:28 Error: [Cake\Routing\Exception\MissingControllerException] Controller class Js could not be found.
Exception Attributes: array (
  'class' => 'Js',
  'plugin' => NULL,
  'prefix' => NULL,
  '_ext' => NULL,
)
Request URL: /js/jquery-3.1.0.min.js
Referer URL: http://127.0.0.1:8080/
Client IP: 172.20.0.1
Stack Trace:
#0 /var/www/webroot/index.php(37): Cake\Routing\Dispatcher->dispatch(Object(Cake\Network\Request), Object(Cake\Network\Response))
#1 /var/www/index.php(16): require('/var/www/webroo...')
#2 {main}


2017-05-15 23:59:28 Error: [Cake\Routing\Exception\MissingControllerException] Controller class Js could not be found.
Exception Attributes: array (
  'class' => 'Js',
  'plugin' => NULL,
  'prefix' => NULL,
  '_ext' => NULL,
)
Request URL: /js/bootstrap.min.js
Referer URL: http://127.0.0.1:8080/
Client IP: 172.20.0.1
Stack Trace:
#0 /var/www/webroot/index.php(37): Cake\Routing\Dispatcher->dispatch(Object(Cake\Network\Request), Object(Cake\Network\Response))
#1 /var/www/index.php(16): require('/var/www/webroo...')
#2 {main}


2017-05-15 23:59:28 Error: [Cake\Routing\Exception\MissingControllerException] Controller class Css could not be found.
Exception Attributes: array (
  'class' => 'Css',
  'plugin' => NULL,
  'prefix' => NULL,
  '_ext' => NULL,
)
Request URL: /css/bootstrap.min.css
Referer URL: http://127.0.0.1:8080/
Client IP: 172.20.0.1
Stack Trace:
#0 /var/www/webroot/index.php(37): Cake\Routing\Dispatcher->dispatch(Object(Cake\Network\Request), Object(Cake\Network\Response))
#1 /var/www/index.php(16): require('/var/www/webroo...')
#2 {main}


2017-05-15 23:59:29 Error: [Cake\Routing\Exception\MissingControllerException] Controller class Js could not be found.
Exception Attributes: array (
  'class' => 'Js',
  'plugin' => NULL,
  'prefix' => NULL,
  '_ext' => NULL,
)
Request URL: /js/d3.min.js
Referer URL: http://127.0.0.1:8080/
Client IP: 172.20.0.1
Stack Trace:
#0 /var/www/webroot/index.php(37): Cake\Routing\Dispatcher->dispatch(Object(Cake\Network\Request), Object(Cake\Network\Response))
#1 /var/www/index.php(16): require('/var/www/webroo...')
#2 {main}


2017-05-15 23:59:29 Warning: Headers already sent in /var/www/vendor/cakephp/cakephp/src/Routing/Filter/AssetFilter.php:149
2017-05-15 23:59:29 Error: [Cake\Routing\Exception\MissingControllerException] Controller class Js could not be found.
Exception Attributes: array (
  'class' => 'Js',
  'plugin' => NULL,
  'prefix' => NULL,
  '_ext' => NULL,
)
Request URL: /js/bootstrap-toggle.min.js
Referer URL: http://127.0.0.1:8080/
Client IP: 172.20.0.1
Stack Trace:
#0 /var/www/webroot/index.php(37): Cake\Routing\Dispatcher->dispatch(Object(Cake\Network\Request), Object(Cake\Network\Response))
#1 /var/www/index.php(16): require('/var/www/webroo...')
#2 {main}


2017-05-15 23:59:30 Error: [Cake\Routing\Exception\MissingControllerException] Controller class Js could not be found.
Exception Attributes: array (
  'class' => 'Js',
  'plugin' => NULL,
  'prefix' => NULL,
  '_ext' => NULL,
)
Request URL: /js/d3.min.js
Referer URL: http://127.0.0.1:8080/
Client IP: 172.20.0.1
Stack Trace:
#0 /var/www/webroot/index.php(37): Cake\Routing\Dispatcher->dispatch(Object(Cake\Network\Request), Object(Cake\Network\Response))
#1 /var/www/index.php(16): require('/var/www/webroo...')
#2 {main}


2017-05-15 23:59:32 Error: [Cake\Routing\Exception\MissingControllerException] Controller class Css could not be found.
Exception Attributes: array (
  'class' => 'Css',
  'plugin' => NULL,
  'prefix' => NULL,
  '_ext' => NULL,
)
Request URL: /css/custom.css
Referer URL: http://127.0.0.1:8080/
Client IP: 172.20.0.1
Stack Trace:
#0 /var/www/webroot/index.php(37): Cake\Routing\Dispatcher->dispatch(Object(Cake\Network\Request), Object(Cake\Network\Response))
#1 /var/www/index.php(16): require('/var/www/webroo...')
#2 {main}


2017-05-15 23:59:33 Error: [Cake\Routing\Exception\MissingControllerException] Controller class Js could not be found.
Exception Attributes: array (
  'class' => 'Js',
  'plugin' => NULL,
  'prefix' => NULL,
  '_ext' => NULL,
)
Request URL: /js/app.js
Referer URL: http://127.0.0.1:8080/
Client IP: 172.20.0.1
Stack Trace:
#0 /var/www/webroot/index.php(37): Cake\Routing\Dispatcher->dispatch(Object(Cake\Network\Request), Object(Cake\Network\Response))
#1 /var/www/index.php(16): require('/var/www/webroo...')
#2 {main}


2017-05-15 23:59:33 Warning: Headers already sent in /var/www/vendor/cakephp/cakephp/src/Routing/Filter/AssetFilter.php:149
2017-05-15 23:59:33 Warning: Headers already sent in /var/www/vendor/cakephp/cakephp/src/Routing/Filter/AssetFilter.php:149
2017-05-15 23:59:33 Warning: Headers already sent in /var/www/vendor/cakephp/cakephp/src/Routing/Filter/AssetFilter.php:149
2017-05-15 23:59:33 Warning: Headers already sent in /var/www/vendor/cakephp/cakephp/src/Routing/Filter/AssetFilter.php:149
2017-05-15 23:59:33 Warning: Headers already sent in /var/www/vendor/cakephp/cakephp/src/Routing/Filter/AssetFilter.php:149
2017-05-15 23:59:33 Warning: Headers already sent in /var/www/vendor/cakephp/cakephp/src/Routing/Filter/AssetFilter.php:149
2017-05-16 00:03:15 Error: [Cake\Routing\Exception\MissingControllerException] Controller class Css could not be found.
Exception Attributes: array (
  'class' => 'Css',
  'plugin' => NULL,
  'prefix' => NULL,
  '_ext' => NULL,
)
Request URL: /css/bootstrap.min.css
Referer URL: http://127.0.0.1:8080/
Client IP: 172.20.0.1
Stack Trace:
#0 /var/www/webroot/index.php(37): Cake\Routing\Dispatcher->dispatch(Object(Cake\Network\Request), Object(Cake\Network\Response))
#1 /var/www/index.php(16): require('/var/www/webroo...')
#2 {main}


2017-05-16 00:03:15 Error: [Cake\Routing\Exception\MissingControllerException] Controller class Css could not be found.
Exception Attributes: array (
  'class' => 'Css',
  'plugin' => NULL,
  'prefix' => NULL,
  '_ext' => NULL,
)
Request URL: /css/bootstrap-toggle.min.css
Referer URL: http://127.0.0.1:8080/
Client IP: 172.20.0.1
Stack Trace:
#0 /var/www/webroot/index.php(37): Cake\Routing\Dispatcher->dispatch(Object(Cake\Network\Request), Object(Cake\Network\Response))
#1 /var/www/index.php(16): require('/var/www/webroo...')
#2 {main}


2017-05-16 00:03:16 Error: [Cake\Routing\Exception\MissingControllerException] Controller class Js could not be found.
Exception Attributes: array (
  'class' => 'Js',
  'plugin' => NULL,
  'prefix' => NULL,
  '_ext' => NULL,
)
Request URL: /js/bootstrap-toggle.min.js
Referer URL: http://127.0.0.1:8080/
Client IP: 172.20.0.1
Stack Trace:
#0 /var/www/webroot/index.php(37): Cake\Routing\Dispatcher->dispatch(Object(Cake\Network\Request), Object(Cake\Network\Response))
#1 /var/www/index.php(16): require('/var/www/webroo...')
#2 {main}


2017-05-16 00:03:16 Error: [Cake\Routing\Exception\MissingControllerException] Controller class Js could not be found.
Exception Attributes: array (
  'class' => 'Js',
  'plugin' => NULL,
  'prefix' => NULL,
  '_ext' => NULL,
)
Request URL: /js/d3.min.js
Referer URL: http://127.0.0.1:8080/
Client IP: 172.20.0.1
Stack Trace:
#0 /var/www/webroot/index.php(37): Cake\Routing\Dispatcher->dispatch(Object(Cake\Network\Request), Object(Cake\Network\Response))
#1 /var/www/index.php(16): require('/var/www/webroo...')
#2 {main}


2017-05-16 00:03:16 Error: [Cake\Routing\Exception\MissingControllerException] Controller class Css could not be found.
Exception Attributes: array (
  'class' => 'Css',
  'plugin' => NULL,
  'prefix' => NULL,
  '_ext' => NULL,
)
Request URL: /css/bootstrap-theme.min.css
Referer URL: http://127.0.0.1:8080/
Client IP: 172.20.0.1
Stack Trace:
#0 /var/www/webroot/index.php(37): Cake\Routing\Dispatcher->dispatch(Object(Cake\Network\Request), Object(Cake\Network\Response))
#1 /var/www/index.php(16): require('/var/www/webroo...')
#2 {main}


2017-05-16 00:03:17 Error: [Cake\Routing\Exception\MissingControllerException] Controller class Js could not be found.
Exception Attributes: array (
  'class' => 'Js',
  'plugin' => NULL,
  'prefix' => NULL,
  '_ext' => NULL,
)
Request URL: /js/bootstrap.min.js
Referer URL: http://127.0.0.1:8080/
Client IP: 172.20.0.1
Stack Trace:
#0 /var/www/webroot/index.php(37): Cake\Routing\Dispatcher->dispatch(Object(Cake\Network\Request), Object(Cake\Network\Response))
#1 /var/www/index.php(16): require('/var/www/webroo...')
#2 {main}


2017-05-16 00:03:18 Error: [Cake\Routing\Exception\MissingControllerException] Controller class Js could not be found.
Exception Attributes: array (
  'class' => 'Js',
  'plugin' => NULL,
  'prefix' => NULL,
  '_ext' => NULL,
)
Request URL: /js/jquery-3.1.0.min.js
Referer URL: http://127.0.0.1:8080/
Client IP: 172.20.0.1
Stack Trace:
#0 /var/www/webroot/index.php(37): Cake\Routing\Dispatcher->dispatch(Object(Cake\Network\Request), Object(Cake\Network\Response))
#1 /var/www/index.php(16): require('/var/www/webroo...')
#2 {main}


2017-05-16 00:03:18 Error: [Cake\Routing\Exception\MissingControllerException] Controller class Js could not be found.
Exception Attributes: array (
  'class' => 'Js',
  'plugin' => NULL,
  'prefix' => NULL,
  '_ext' => NULL,
)
Request URL: /js/bootstrap.min.js
Referer URL: http://127.0.0.1:8080/
Client IP: 172.20.0.1
Stack Trace:
#0 /var/www/webroot/index.php(37): Cake\Routing\Dispatcher->dispatch(Object(Cake\Network\Request), Object(Cake\Network\Response))
#1 /var/www/index.php(16): require('/var/www/webroo...')
#2 {main}


2017-05-16 00:03:19 Error: [Cake\Routing\Exception\MissingControllerException] Controller class Js could not be found.
Exception Attributes: array (
  'class' => 'Js',
  'plugin' => NULL,
  'prefix' => NULL,
  '_ext' => NULL,
)
Request URL: /js/bootstrap-toggle.min.js
Referer URL: http://127.0.0.1:8080/
Client IP: 172.20.0.1
Stack Trace:
#0 /var/www/webroot/index.php(37): Cake\Routing\Dispatcher->dispatch(Object(Cake\Network\Request), Object(Cake\Network\Response))
#1 /var/www/index.php(16): require('/var/www/webroo...')
#2 {main}


2017-05-16 00:03:19 Error: [Cake\Routing\Exception\MissingControllerException] Controller class Js could not be found.
Exception Attributes: array (
  'class' => 'Js',
  'plugin' => NULL,
  'prefix' => NULL,
  '_ext' => NULL,
)
Request URL: /js/d3.min.js
Referer URL: http://127.0.0.1:8080/
Client IP: 172.20.0.1
Stack Trace:
#0 /var/www/webroot/index.php(37): Cake\Routing\Dispatcher->dispatch(Object(Cake\Network\Request), Object(Cake\Network\Response))
#1 /var/www/index.php(16): require('/var/www/webroo...')
#2 {main}


2017-05-16 00:03:19 Error: [Cake\Routing\Exception\MissingControllerException] Controller class Js could not be found.
Exception Attributes: array (
  'class' => 'Js',
  'plugin' => NULL,
  'prefix' => NULL,
  '_ext' => NULL,
)
Request URL: /js/app.js
Referer URL: http://127.0.0.1:8080/
Client IP: 172.20.0.1
Stack Trace:
#0 /var/www/webroot/index.php(37): Cake\Routing\Dispatcher->dispatch(Object(Cake\Network\Request), Object(Cake\Network\Response))
#1 /var/www/index.php(16): require('/var/www/webroo...')
#2 {main}


2017-05-16 00:03:20 Error: [Cake\Routing\Exception\MissingControllerException] Controller class Css could not be found.
Exception Attributes: array (
  'class' => 'Css',
  'plugin' => NULL,
  'prefix' => NULL,
  '_ext' => NULL,
)
Request URL: /css/custom.css
Referer URL: http://127.0.0.1:8080/
Client IP: 172.20.0.1
Stack Trace:
#0 /var/www/webroot/index.php(37): Cake\Routing\Dispatcher->dispatch(Object(Cake\Network\Request), Object(Cake\Network\Response))
#1 /var/www/index.php(16): require('/var/www/webroo...')
#2 {main}


2017-05-16 00:03:41 Error: [Cake\Routing\Exception\MissingControllerException] Controller class Js could not be found.
Exception Attributes: array (
  'class' => 'Js',
  'plugin' => NULL,
  'prefix' => NULL,
  '_ext' => NULL,
)
Request URL: /js/bootstrap.min.js
Referer URL: http://127.0.0.1:8080/users/login
Client IP: 172.20.0.1
Stack Trace:
#0 /var/www/webroot/index.php(37): Cake\Routing\Dispatcher->dispatch(Object(Cake\Network\Request), Object(Cake\Network\Response))
#1 /var/www/index.php(16): require('/var/www/webroo...')
#2 {main}


2017-05-16 00:03:41 Error: [Cake\Routing\Exception\MissingControllerException] Controller class Js could not be found.
Exception Attributes: array (
  'class' => 'Js',
  'plugin' => NULL,
  'prefix' => NULL,
  '_ext' => NULL,
)
Request URL: /js/d3.min.js
Referer URL: http://127.0.0.1:8080/users/login
Client IP: 172.20.0.1
Stack Trace:
#0 /var/www/webroot/index.php(37): Cake\Routing\Dispatcher->dispatch(Object(Cake\Network\Request), Object(Cake\Network\Response))
#1 /var/www/index.php(16): require('/var/www/webroo...')
#2 {main}


2017-05-16 00:03:42 Error: [Cake\Routing\Exception\MissingControllerException] Controller class Js could not be found.
Exception Attributes: array (
  'class' => 'Js',
  'plugin' => NULL,
  'prefix' => NULL,
  '_ext' => NULL,
)
Request URL: /js/app.js
Referer URL: http://127.0.0.1:8080/users/login
Client IP: 172.20.0.1
Stack Trace:
#0 /var/www/webroot/index.php(37): Cake\Routing\Dispatcher->dispatch(Object(Cake\Network\Request), Object(Cake\Network\Response))
#1 /var/www/index.php(16): require('/var/www/webroo...')
#2 {main}


2017-05-16 00:03:42 Error: [Cake\Routing\Exception\MissingControllerException] Controller class Css could not be found.
Exception Attributes: array (
  'class' => 'Css',
  'plugin' => NULL,
  'prefix' => NULL,
  '_ext' => NULL,
)
Request URL: /css/bootstrap-toggle.min.css
Referer URL: http://127.0.0.1:8080/users/login
Client IP: 172.20.0.1
Stack Trace:
#0 /var/www/webroot/index.php(37): Cake\Routing\Dispatcher->dispatch(Object(Cake\Network\Request), Object(Cake\Network\Response))
#1 /var/www/index.php(16): require('/var/www/webroo...')
#2 {main}


2017-05-16 00:03:43 Error: [Cake\Routing\Exception\MissingControllerException] Controller class Js could not be found.
Exception Attributes: array (
  'class' => 'Js',
  'plugin' => NULL,
  'prefix' => NULL,
  '_ext' => NULL,
)
Request URL: /js/jquery-3.1.0.min.js
Referer URL: http://127.0.0.1:8080/users/login
Client IP: 172.20.0.1
Stack Trace:
#0 /var/www/webroot/index.php(37): Cake\Routing\Dispatcher->dispatch(Object(Cake\Network\Request), Object(Cake\Network\Response))
#1 /var/www/index.php(16): require('/var/www/webroo...')
#2 {main}


2017-05-16 00:03:43 Error: [Cake\Routing\Exception\MissingControllerException] Controller class Js could not be found.
Exception Attributes: array (
  'class' => 'Js',
  'plugin' => NULL,
  'prefix' => NULL,
  '_ext' => NULL,
)
Request URL: /js/bootstrap.min.js
Referer URL: http://127.0.0.1:8080/users/login
Client IP: 172.20.0.1
Stack Trace:
#0 /var/www/webroot/index.php(37): Cake\Routing\Dispatcher->dispatch(Object(Cake\Network\Request), Object(Cake\Network\Response))
#1 /var/www/index.php(16): require('/var/www/webroo...')
#2 {main}


2017-05-16 00:03:43 Error: [Cake\Routing\Exception\MissingControllerException] Controller class Css could not be found.
Exception Attributes: array (
  'class' => 'Css',
  'plugin' => NULL,
  'prefix' => NULL,
  '_ext' => NULL,
)
Request URL: /css/bootstrap.min.css
Referer URL: http://127.0.0.1:8080/users/login
Client IP: 172.20.0.1
Stack Trace:
#0 /var/www/webroot/index.php(37): Cake\Routing\Dispatcher->dispatch(Object(Cake\Network\Request), Object(Cake\Network\Response))
#1 /var/www/index.php(16): require('/var/www/webroo...')
#2 {main}


2017-05-16 00:03:43 Error: [Cake\Routing\Exception\MissingControllerException] Controller class Js could not be found.
Exception Attributes: array (
  'class' => 'Js',
  'plugin' => NULL,
  'prefix' => NULL,
  '_ext' => NULL,
)
Request URL: /js/bootstrap-toggle.min.js
Referer URL: http://127.0.0.1:8080/users/login
Client IP: 172.20.0.1
Stack Trace:
#0 /var/www/webroot/index.php(37): Cake\Routing\Dispatcher->dispatch(Object(Cake\Network\Request), Object(Cake\Network\Response))
#1 /var/www/index.php(16): require('/var/www/webroo...')
#2 {main}


2017-05-16 00:03:44 Error: [Cake\Routing\Exception\MissingControllerException] Controller class Js could not be found.
Exception Attributes: array (
  'class' => 'Js',
  'plugin' => NULL,
  'prefix' => NULL,
  '_ext' => NULL,
)
Request URL: /js/d3.min.js
Referer URL: http://127.0.0.1:8080/users/login
Client IP: 172.20.0.1
Stack Trace:
#0 /var/www/webroot/index.php(37): Cake\Routing\Dispatcher->dispatch(Object(Cake\Network\Request), Object(Cake\Network\Response))
#1 /var/www/index.php(16): require('/var/www/webroo...')
#2 {main}


2017-05-16 00:03:44 Error: [Cake\Routing\Exception\MissingControllerException] Controller class Js could not be found.
Exception Attributes: array (
  'class' => 'Js',
  'plugin' => NULL,
  'prefix' => NULL,
  '_ext' => NULL,
)
Request URL: /js/app.js
Referer URL: http://127.0.0.1:8080/users/login
Client IP: 172.20.0.1
Stack Trace:
#0 /var/www/webroot/index.php(37): Cake\Routing\Dispatcher->dispatch(Object(Cake\Network\Request), Object(Cake\Network\Response))
#1 /var/www/index.php(16): require('/var/www/webroo...')
#2 {main}


2017-05-16 00:03:44 Error: [Cake\Routing\Exception\MissingControllerException] Controller class Css could not be found.
Exception Attributes: array (
  'class' => 'Css',
  'plugin' => NULL,
  'prefix' => NULL,
  '_ext' => NULL,
)
Request URL: /css/custom.css
Referer URL: http://127.0.0.1:8080/users/login
Client IP: 172.20.0.1
Stack Trace:
#0 /var/www/webroot/index.php(37): Cake\Routing\Dispatcher->dispatch(Object(Cake\Network\Request), Object(Cake\Network\Response))
#1 /var/www/index.php(16): require('/var/www/webroo...')
#2 {main}


2017-05-16 00:03:45 Error: [Cake\Routing\Exception\MissingControllerException] Controller class Css could not be found.
Exception Attributes: array (
  'class' => 'Css',
  'plugin' => NULL,
  'prefix' => NULL,
  '_ext' => NULL,
)
Request URL: /css/bootstrap-theme.min.css
Referer URL: http://127.0.0.1:8080/users/login
Client IP: 172.20.0.1
Stack Trace:
#0 /var/www/webroot/index.php(37): Cake\Routing\Dispatcher->dispatch(Object(Cake\Network\Request), Object(Cake\Network\Response))
#1 /var/www/index.php(16): require('/var/www/webroo...')
#2 {main}


2017-05-16 00:04:03 Error: [PDOException] SQLSTATE[HY000] [2002] No such file or directory
Request URL: /researches/process
Client IP: 172.20.0.1
Stack Trace:
#0 /var/www/vendor/cakephp/cakephp/src/Database/Driver/PDODriverTrait.php(48): PDO->__construct('mysql:host=;por...', 'homestead', 'secret', Array)
#1 /var/www/vendor/cakephp/cakephp/src/Database/Driver/Mysql.php(90): Cake\Database\Driver\Mysql->_connect('mysql:host=;por...', Array)
#2 /var/www/vendor/cakephp/cakephp/src/Database/Schema/BaseSchema.php(45): Cake\Database\Driver\Mysql->connect()
#3 /var/www/vendor/cakephp/cakephp/src/Database/Dialect/MysqlDialectTrait.php(63): Cake\Database\Schema\BaseSchema->__construct(Object(Cake\Database\Driver\Mysql))
#4 /var/www/vendor/cakephp/cakephp/src/Database/Schema/Collection.php(52): Cake\Database\Driver\Mysql->schemaDialect()
#5 /var/www/vendor/cakephp/cakephp/src/Database/Schema/CachedCollection.php(43): Cake\Database\Schema\Collection->__construct(Object(Cake\Database\Connection))
#6 /var/www/vendor/cakephp/cakephp/src/Database/Connection.php(322): Cake\Database\Schema\CachedCollection->__construct(Object(Cake\Database\Connection), true)
#7 /var/www/vendor/cakephp/cakephp/src/ORM/Table.php(433): Cake\Database\Connection->schemaCollection()
#8 /var/www/vendor/cakephp/cakephp/src/ORM/Query.php(211): Cake\ORM\Table->schema()
#9 /var/www/vendor/cakephp/cakephp/src/ORM/Query.php(169): Cake\ORM\Query->addDefaultTypes(Object(App\Model\Table\ResearchesTable))
#10 /var/www/vendor/cakephp/cakephp/src/ORM/Table.php(1312): Cake\ORM\Query->__construct(Object(Cake\Database\Connection), Object(App\Model\Table\ResearchesTable))
#11 /var/www/vendor/cakephp/cakephp/src/ORM/Table.php(958): Cake\ORM\Table->query()
#12 /var/www/src/Controller/ResearchesController.php(64): Cake\ORM\Table->find('all', Array)
#13 [internal function]: App\Controller\ResearchesController->process()
#14 /var/www/vendor/cakephp/cakephp/src/Controller/Controller.php(435): call_user_func_array(Array, Array)
#15 /var/www/vendor/cakephp/cakephp/src/Routing/Dispatcher.php(115): Cake\Controller\Controller->invokeAction()
#16 /var/www/vendor/cakephp/cakephp/src/Routing/Dispatcher.php(88): Cake\Routing\Dispatcher->_invoke(Object(App\Controller\ResearchesController))
#17 /var/www/webroot/index.php(37): Cake\Routing\Dispatcher->dispatch(Object(Cake\Network\Request), Object(Cake\Network\Response))
#18 /var/www/index.php(16): require('/var/www/webroo...')
#19 {main}


